<?xml version="1.0" encoding="UTF-8"?>
<testng-results skipped="0" failed="0" ignored="0" total="3" passed="3">
  <reporter-output>
  </reporter-output>
  <suite name="Default suite" duration-ms="17845" started-at="2021-10-13T17:04:42 IST" finished-at="2021-10-13T17:05:00 IST">
    <groups>
    </groups>
    <test name="Default test" duration-ms="17845" started-at="2021-10-13T17:04:42 IST" finished-at="2021-10-13T17:05:00 IST">
      <class name="mavendemo1.excel">
        <test-method status="PASS" signature="set()[pri:0, instance:mavendemo1.excel@63440df3]" name="set" is-config="true" duration-ms="6586" started-at="2021-10-13T17:04:42 IST" finished-at="2021-10-13T17:04:49 IST">
          <reporter-output>
          </reporter-output>
        </test-method> <!-- set -->
        <test-method status="PASS" signature="show([Ljava.lang.String;)[pri:0, instance:mavendemo1.excel@63440df3]" name="show" duration-ms="2556" started-at="2021-10-13T17:04:50 IST" data-provider="getdata" finished-at="2021-10-13T17:04:52 IST">
          <params>
            <param index="0">
              <value>
                <![CDATA[[Ljava.lang.String;@56f6d40b]]>
              </value>
            </param>
          </params>
          <reporter-output>
          </reporter-output>
        </test-method> <!-- show -->
        <test-method status="PASS" signature="show([Ljava.lang.String;)[pri:0, instance:mavendemo1.excel@63440df3]" name="show" duration-ms="3555" started-at="2021-10-13T17:04:52 IST" data-provider="getdata" finished-at="2021-10-13T17:04:56 IST">
          <params>
            <param index="0">
              <value>
                <![CDATA[[Ljava.lang.String;@51e8e6e6]]>
              </value>
            </param>
          </params>
          <reporter-output>
          </reporter-output>
        </test-method> <!-- show -->
        <test-method status="PASS" signature="show([Ljava.lang.String;)[pri:0, instance:mavendemo1.excel@63440df3]" name="show" duration-ms="4162" started-at="2021-10-13T17:04:56 IST" data-provider="getdata" finished-at="2021-10-13T17:05:00 IST">
          <params>
            <param index="0">
              <value>
                <![CDATA[[Ljava.lang.String;@56276db8]]>
              </value>
            </param>
          </params>
          <reporter-output>
          </reporter-output>
        </test-method> <!-- show -->
        <test-method status="PASS" signature="tear()[pri:0, instance:mavendemo1.excel@63440df3]" name="tear" is-config="true" duration-ms="122" started-at="2021-10-13T17:05:00 IST" finished-at="2021-10-13T17:05:00 IST">
          <reporter-output>
          </reporter-output>
        </test-method> <!-- tear -->
      </class> <!-- mavendemo1.excel -->
    </test> <!-- Default test -->
  </suite> <!-- Default suite -->
</testng-results>
